<?xml version="1.0" encoding="UTF-8" ?>
<testsuite tests="12" failures="3" name="TestFactory" time="1.28" errors="0" skipped="0">
  <properties>
[...]
</properties>
  <testcase classname="ListenerExample" name="FailedTest" time="0.028">
    <failure message="expected [true] but found [false]" type="java.lang.AssertionError">java.lang.AssertionError: expected [true] but found [false]
	at org.testng.Assert.fail(Assert.java:94)
	at org.testng.Assert.failNotEquals(Assert.java:496)
	at org.testng.Assert.assertEquals(Assert.java:125)
	at org.testng.Assert.assertEquals(Assert.java:288)
	at org.testng.Assert.assertEquals(Assert.java:298)
	at ListenerExample.FailedTest(ListenerExample.java:27)
</failure>
    <system-out>Configuring TestNG with: org.apache.maven.surefire.testng.conf.TestNG652Configurator@3b22cdd0
</system-out>
  </testcase>
  <testcase classname="ListenerExample" name="passedTEst" time="0"/>
  <testcase classname="ListenerExample" name="passedTEst2" time="0"/>
  <testcase classname="ListenerExample" name="readExcel" time="1.179"/>
  <testcase classname="ListenerExample" name="FailedTest" time="0.001">
    <failure message="expected [true] but found [false]" type="java.lang.AssertionError">java.lang.AssertionError: expected [true] but found [false]
	at org.testng.Assert.fail(Assert.java:94)
	at org.testng.Assert.failNotEquals(Assert.java:496)
	at org.testng.Assert.assertEquals(Assert.java:125)
	at org.testng.Assert.assertEquals(Assert.java:288)
	at org.testng.Assert.assertEquals(Assert.java:298)
	at ListenerExample.FailedTest(ListenerExample.java:27)
</failure>
  </testcase>
  <testcase classname="ListenerExample" name="passedTEst" time="0"/>
  <testcase classname="ListenerExample" name="passedTEst2" time="0"/>
  <testcase classname="ListenerExample" name="readExcel" time="0.036"/>
  <testcase classname="ListenerExample" name="FailedTest" time="0.001">
    <failure message="expected [true] but found [false]" type="java.lang.AssertionError">java.lang.AssertionError: expected [true] but found [false]
	at org.testng.Assert.fail(Assert.java:94)
	at org.testng.Assert.failNotEquals(Assert.java:496)
	at org.testng.Assert.assertEquals(Assert.java:125)
	at org.testng.Assert.assertEquals(Assert.java:288)
	at org.testng.Assert.assertEquals(Assert.java:298)
	at ListenerExample.FailedTest(ListenerExample.java:27)
</failure>
  </testcase>
  <testcase classname="ListenerExample" name="passedTEst" time="0"/>
  <testcase classname="ListenerExample" name="passedTEst2" time="0"/>
  <testcase classname="ListenerExample" name="readExcel" time="0.035"/>
</testsuite>